# JRE version: Java(TM) SE Runtime Environment (19.0.1+10) (build 19.0.1+10-21)
# Java VM: Java HotSpot(TM) 64-Bit Server VM (19.0.1+10-21, mixed mode, sharing, tiered, compressed oops, compressed class ptrs, g1 gc, windows-amd64)
GC Precious Log:
 CardTable entry size: 512
 Card Set container configuration: InlinePtr #cards 5 size 8 Array Of Cards #cards 12 size 40 Howl #buckets 4 coarsen threshold 1843 Howl Bitmap #cards 512 size 80 coarsen threshold 460 Card regions per heap region 1 cards per card region 2048
 CPUs: 2 total, 2 available
 Memory: 5008M
 Large Page Support: Disabled
 NUMA Support: Disabled
 Compressed Oops: Enabled (32-bit)
 Heap Region Size: 1M
 Heap Min Capacity: 8M
 Heap Initial Capacity: 80M
 Heap Max Capacity: 1254M
 Pre-touch: Disabled
 Parallel Workers: 2
 Concurrent Workers: 1
 Concurrent Refinement Workers: 2
 Periodic GC: Disabled
Heap:
 garbage-first heap   total 86016K, used 72231K [0x00000000b1a00000, 0x0000000100000000)
  region size 1024K, 41 young (41984K), 3 survivors (3072K)
 Metaspace       used 68252K, committed 68864K, reserved 1114112K
  class space    used 8532K, committed 8832K, reserved 1048576K
GC Heap History (20 events):
Event: 465.722 GC heap after
{Heap after GC invocations=42 (full 4):
 garbage-first heap   total 86016K, used 28593K [0x00000000b1a00000, 0x0000000100000000)
  region size 1024K, 3 young (3072K), 3 survivors (3072K)
 Metaspace       used 66054K, committed 66688K, reserved 1114112K
  class space    used 8335K, committed 8640K, reserved 1048576K
}
Event: 467.983 GC heap before
{Heap before GC invocations=42 (full 4):
 garbage-first heap   total 86016K, used 66481K [0x00000000b1a00000, 0x0000000100000000)
  region size 1024K, 40 young (40960K), 3 survivors (3072K)
 Metaspace       used 66515K, committed 67072K, reserved 1114112K
  class space    used 8355K, committed 8640K, reserved 1048576K
}
Event: 467.996 GC heap after
{Heap after GC invocations=43 (full 4):
 garbage-first heap   total 86016K, used 31035K [0x00000000b1a00000, 0x0000000100000000)
  region size 1024K, 3 young (3072K), 3 survivors (3072K)
 Metaspace       used 66515K, committed 67072K, reserved 1114112K
  class space    used 8355K, committed 8640K, reserved 1048576K
}
Event: 783.264 GC heap before
{Heap before GC invocations=43 (full 4):
 garbage-first heap   total 86016K, used 66875K [0x00000000b1a00000, 0x0000000100000000)
  region size 1024K, 38 young (38912K), 3 survivors (3072K)
 Metaspace       used 67901K, committed 68416K, reserved 1114112K
  class space    used 8514K, committed 8768K, reserved 1048576K
}
Event: 783.277 GC heap after
{Heap after GC invocations=44 (full 4):
 garbage-first heap   total 86016K, used 32869K [0x00000000b1a00000, 0x0000000100000000)
  region size 1024K, 5 young (5120K), 5 survivors (5120K)
 Metaspace       used 67901K, committed 68416K, reserved 1114112K
  class space    used 8514K, committed 8768K, reserved 1048576K
}
Event: 1529.211 GC heap before
{Heap before GC invocations=44 (full 4):
 garbage-first heap   total 86016K, used 67685K [0x00000000b1a00000, 0x0000000100000000)
  region size 1024K, 39 young (39936K), 5 survivors (5120K)
 Metaspace       used 68170K, committed 68736K, reserved 1114112K
  class space    used 8532K, committed 8832K, reserved 1048576K
}
Event: 1529.225 GC heap after
{Heap after GC invocations=45 (full 4):
 garbage-first heap   total 86016K, used 32885K [0x00000000b1a00000, 0x0000000100000000)
  region size 1024K, 2 young (2048K), 2 survivors (2048K)
 Metaspace       used 68170K, committed 68736K, reserved 1114112K
  class space    used 8532K, committed 8832K, reserved 1048576K
}
Event: 2348.075 GC heap before
{Heap before GC invocations=45 (full 4):
 garbage-first heap   total 86016K, used 69749K [0x00000000b1a00000, 0x0000000100000000)
  region size 1024K, 38 young (38912K), 2 survivors (2048K)
 Metaspace       used 68193K, committed 68800K, reserved 1114112K
  class space    used 8532K, committed 8832K, reserved 1048576K
}
Event: 2348.083 GC heap after
{Heap after GC invocations=46 (full 4):
 garbage-first heap   total 86016K, used 33838K [0x00000000b1a00000, 0x0000000100000000)
  region size 1024K, 3 young (3072K), 3 survivors (3072K)
 Metaspace       used 68193K, committed 68800K, reserved 1114112K
  class space    used 8532K, committed 8832K, reserved 1048576K
}
Event: 3168.701 GC heap before
{Heap before GC invocations=46 (full 4):
 garbage-first heap   total 86016K, used 69678K [0x00000000b1a00000, 0x0000000100000000)
  region size 1024K, 38 young (38912K), 3 survivors (3072K)
 Metaspace       used 68207K, committed 68800K, reserved 1114112K
  class space    used 8532K, committed 8832K, reserved 1048576K
}
Event: 3168.709 GC heap after
{Heap after GC invocations=47 (full 4):
 garbage-first heap   total 86016K, used 33136K [0x00000000b1a00000, 0x0000000100000000)
  region size 1024K, 3 young (3072K), 3 survivors (3072K)
 Metaspace       used 68207K, committed 68800K, reserved 1114112K
  class space    used 8532K, committed 8832K, reserved 1048576K
}
Event: 4005.968 GC heap before
{Heap before GC invocations=47 (full 4):
 garbage-first heap   total 86016K, used 70000K [0x00000000b1a00000, 0x0000000100000000)
  region size 1024K, 39 young (39936K), 3 survivors (3072K)
 Metaspace       used 68220K, committed 68800K, reserved 1114112K
  class space    used 8532K, committed 8832K, reserved 1048576K
}
Event: 4005.976 GC heap after
{Heap after GC invocations=48 (full 4):
 garbage-first heap   total 86016K, used 33102K [0x00000000b1a00000, 0x0000000100000000)
  region size 1024K, 3 young (3072K), 3 survivors (3072K)
 Metaspace       used 68220K, committed 68800K, reserved 1114112K
  class space    used 8532K, committed 8832K, reserved 1048576K
}
Event: 4847.637 GC heap before
{Heap before GC invocations=48 (full 4):
 garbage-first heap   total 86016K, used 70990K [0x00000000b1a00000, 0x0000000100000000)
  region size 1024K, 40 young (40960K), 3 survivors (3072K)
 Metaspace       used 68230K, committed 68800K, reserved 1114112K
  class space    used 8532K, committed 8832K, reserved 1048576K
}
Event: 4847.644 GC heap after
{Heap after GC invocations=49 (full 4):
 garbage-first heap   total 86016K, used 33378K [0x00000000b1a00000, 0x0000000100000000)
  region size 1024K, 3 young (3072K), 3 survivors (3072K)
 Metaspace       used 68230K, committed 68800K, reserved 1114112K
  class space    used 8532K, committed 8832K, reserved 1048576K
}
Event: 5707.844 GC heap before
{Heap before GC invocations=49 (full 4):
 garbage-first heap   total 86016K, used 71266K [0x00000000b1a00000, 0x0000000100000000)
  region size 1024K, 40 young (40960K), 3 survivors (3072K)
 Metaspace       used 68231K, committed 68800K, reserved 1114112K
  class space    used 8532K, committed 8832K, reserved 1048576K
}
Event: 5707.852 GC heap after
{Heap after GC invocations=50 (full 4):
 garbage-first heap   total 86016K, used 33109K [0x00000000b1a00000, 0x0000000100000000)
  region size 1024K, 3 young (3072K), 3 survivors (3072K)
 Metaspace       used 68231K, committed 68800K, reserved 1114112K
  class space    used 8532K, committed 8832K, reserved 1048576K
}
Event: 6560.164 GC heap before
{Heap before GC invocations=50 (full 4):
 garbage-first heap   total 86016K, used 72021K [0x00000000b1a00000, 0x0000000100000000)
  region size 1024K, 41 young (41984K), 3 survivors (3072K)
 Metaspace       used 68249K, committed 68800K, reserved 1114112K
  class space    used 8532K, committed 8832K, reserved 1048576K
}
Event: 6560.172 GC heap after
{Heap after GC invocations=51 (full 4):
 garbage-first heap   total 86016K, used 33319K [0x00000000b1a00000, 0x0000000100000000)
  region size 1024K, 3 young (3072K), 3 survivors (3072K)
 Metaspace       used 68249K, committed 68800K, reserved 1114112K
  class space    used 8532K, committed 8832K, reserved 1048576K
}
Event: 7448.149 GC heap before
{Heap before GC invocations=51 (full 4):
 garbage-first heap   total 86016K, used 72231K [0x00000000b1a00000, 0x0000000100000000)
  region size 1024K, 41 young (41984K), 3 survivors (3072K)
 Metaspace       used 68252K, committed 68864K, reserved 1114112K
  class space    used 8532K, committed 8832K, reserved 1048576K
}

