# JRE version: Java(TM) SE Runtime Environment (19.0.1+10) (build 19.0.1+10-21)
# Java VM: Java HotSpot(TM) 64-Bit Server VM (19.0.1+10-21, mixed mode, sharing, tiered, compressed oops, compressed class ptrs, g1 gc, windows-amd64)
GC Precious Log:
 CardTable entry size: 512
 Card Set container configuration: InlinePtr #cards 5 size 8 Array Of Cards #cards 12 size 40 Howl #buckets 4 coarsen threshold 1843 Howl Bitmap #cards 512 size 80 coarsen threshold 460 Card regions per heap region 1 cards per card region 2048
 CPUs: 2 total, 2 available
 Memory: 5008M
 Large Page Support: Disabled
 NUMA Support: Disabled
 Compressed Oops: Enabled (32-bit)
 Heap Region Size: 1M
 Heap Min Capacity: 8M
 Heap Initial Capacity: 80M
 Heap Max Capacity: 1254M
 Pre-touch: Disabled
 Parallel Workers: 2
 Concurrent Workers: 1
 Concurrent Refinement Workers: 2
 Periodic GC: Disabled
Heap:
 garbage-first heap   total 92160K, used 32973K [0x00000000b1a00000, 0x0000000100000000)
  region size 1024K, 7 young (7168K), 0 survivors (0K)
 Metaspace       used 73198K, committed 73856K, reserved 1114112K
  class space    used 8883K, committed 9216K, reserved 1048576K
GC Heap History (20 events):
Event: 4757.705 GC heap before
{Heap before GC invocations=117 (full 10):
 garbage-first heap   total 89088K, used 70434K [0x00000000b1a00000, 0x0000000100000000)
  region size 1024K, 41 young (41984K), 0 survivors (0K)
 Metaspace       used 72148K, committed 72768K, reserved 1114112K
  class space    used 8827K, committed 9088K, reserved 1048576K
}
Event: 4757.740 GC heap after
{Heap after GC invocations=118 (full 10):
 garbage-first heap   total 89088K, used 32775K [0x00000000b1a00000, 0x0000000100000000)
  region size 1024K, 4 young (4096K), 4 survivors (4096K)
 Metaspace       used 72148K, committed 72768K, reserved 1114112K
  class space    used 8827K, committed 9088K, reserved 1048576K
}
Event: 4758.285 GC heap before
{Heap before GC invocations=119 (full 10):
 garbage-first heap   total 89088K, used 68615K [0x00000000b1a00000, 0x0000000100000000)
  region size 1024K, 41 young (41984K), 4 survivors (4096K)
 Metaspace       used 72502K, committed 73152K, reserved 1114112K
  class space    used 8845K, committed 9152K, reserved 1048576K
}
Event: 4758.308 GC heap after
{Heap after GC invocations=120 (full 10):
 garbage-first heap   total 89088K, used 34056K [0x00000000b1a00000, 0x0000000100000000)
  region size 1024K, 3 young (3072K), 3 survivors (3072K)
 Metaspace       used 72502K, committed 73152K, reserved 1114112K
  class space    used 8845K, committed 9152K, reserved 1048576K
}
Event: 4758.322 GC heap before
{Heap before GC invocations=120 (full 10):
 garbage-first heap   total 89088K, used 35080K [0x00000000b1a00000, 0x0000000100000000)
  region size 1024K, 4 young (4096K), 3 survivors (3072K)
 Metaspace       used 72502K, committed 73152K, reserved 1114112K
  class space    used 8845K, committed 9152K, reserved 1048576K
}
Event: 4758.329 GC heap after
{Heap after GC invocations=121 (full 10):
 garbage-first heap   total 89088K, used 34417K [0x00000000b1a00000, 0x0000000100000000)
  region size 1024K, 1 young (1024K), 1 survivors (1024K)
 Metaspace       used 72502K, committed 73152K, reserved 1114112K
  class space    used 8845K, committed 9152K, reserved 1048576K
}
Event: 4836.181 GC heap before
{Heap before GC invocations=121 (full 10):
 garbage-first heap   total 89088K, used 71281K [0x00000000b1a00000, 0x0000000100000000)
  region size 1024K, 37 young (37888K), 1 survivors (1024K)
 Metaspace       used 72523K, committed 73152K, reserved 1114112K
  class space    used 8845K, committed 9152K, reserved 1048576K
}
Event: 4836.186 GC heap after
{Heap after GC invocations=122 (full 10):
 garbage-first heap   total 89088K, used 34928K [0x00000000b1a00000, 0x0000000100000000)
  region size 1024K, 1 young (1024K), 1 survivors (1024K)
 Metaspace       used 72523K, committed 73152K, reserved 1114112K
  class space    used 8845K, committed 9152K, reserved 1048576K
}
Event: 4954.053 GC heap before
{Heap before GC invocations=123 (full 10):
 garbage-first heap   total 89088K, used 71792K [0x00000000b1a00000, 0x0000000100000000)
  region size 1024K, 37 young (37888K), 1 survivors (1024K)
 Metaspace       used 72544K, committed 73152K, reserved 1114112K
  class space    used 8844K, committed 9152K, reserved 1048576K
}
Event: 4954.058 GC heap after
{Heap after GC invocations=124 (full 10):
 garbage-first heap   total 89088K, used 34927K [0x00000000b1a00000, 0x0000000100000000)
  region size 1024K, 1 young (1024K), 1 survivors (1024K)
 Metaspace       used 72544K, committed 73152K, reserved 1114112K
  class space    used 8844K, committed 9152K, reserved 1048576K
}
Event: 4956.979 GC heap before
{Heap before GC invocations=124 (full 10):
 garbage-first heap   total 89088K, used 36975K [0x00000000b1a00000, 0x0000000100000000)
  region size 1024K, 4 young (4096K), 1 survivors (1024K)
 Metaspace       used 72557K, committed 73216K, reserved 1114112K
  class space    used 8845K, committed 9152K, reserved 1048576K
}
Event: 4958.021 GC heap after
{Heap after GC invocations=125 (full 11):
 garbage-first heap   total 89088K, used 26491K [0x00000000b1a00000, 0x0000000100000000)
  region size 1024K, 0 young (0K), 0 survivors (0K)
 Metaspace       used 72557K, committed 73216K, reserved 1114112K
  class space    used 8845K, committed 9152K, reserved 1048576K
}
Event: 4960.399 GC heap before
{Heap before GC invocations=125 (full 11):
 garbage-first heap   total 89088K, used 69499K [0x00000000b1a00000, 0x0000000100000000)
  region size 1024K, 43 young (44032K), 0 survivors (0K)
 Metaspace       used 72794K, committed 73408K, reserved 1114112K
  class space    used 8860K, committed 9152K, reserved 1048576K
}
Event: 4960.409 GC heap after
{Heap after GC invocations=126 (full 11):
 garbage-first heap   total 89088K, used 30242K [0x00000000b1a00000, 0x0000000100000000)
  region size 1024K, 4 young (4096K), 4 survivors (4096K)
 Metaspace       used 72794K, committed 73408K, reserved 1114112K
  class space    used 8860K, committed 9152K, reserved 1048576K
}
Event: 4960.904 GC heap before
{Heap before GC invocations=127 (full 11):
 garbage-first heap   total 89088K, used 70178K [0x00000000b1a00000, 0x0000000100000000)
  region size 1024K, 43 young (44032K), 4 survivors (4096K)
 Metaspace       used 73088K, committed 73664K, reserved 1114112K
  class space    used 8877K, committed 9152K, reserved 1048576K
}
Event: 4960.918 GC heap after
{Heap after GC invocations=128 (full 11):
 garbage-first heap   total 89088K, used 32561K [0x00000000b1a00000, 0x0000000100000000)
  region size 1024K, 3 young (3072K), 3 survivors (3072K)
 Metaspace       used 73088K, committed 73664K, reserved 1114112K
  class space    used 8877K, committed 9152K, reserved 1048576K
}
Event: 4960.957 GC heap before
{Heap before GC invocations=128 (full 11):
 garbage-first heap   total 89088K, used 33585K [0x00000000b1a00000, 0x0000000100000000)
  region size 1024K, 4 young (4096K), 3 survivors (3072K)
 Metaspace       used 73089K, committed 73664K, reserved 1114112K
  class space    used 8877K, committed 9152K, reserved 1048576K
}
Event: 4960.968 GC heap after
{Heap after GC invocations=129 (full 11):
 garbage-first heap   total 203776K, used 32756K [0x00000000b1a00000, 0x0000000100000000)
  region size 1024K, 1 young (1024K), 1 survivors (1024K)
 Metaspace       used 73089K, committed 73664K, reserved 1114112K
  class space    used 8877K, committed 9152K, reserved 1048576K
}
Event: 5165.614 GC heap before
{Heap before GC invocations=129 (full 11):
 garbage-first heap   total 203776K, used 115700K [0x00000000b1a00000, 0x0000000100000000)
  region size 1024K, 83 young (84992K), 1 survivors (1024K)
 Metaspace       used 73198K, committed 73856K, reserved 1114112K
  class space    used 8884K, committed 9216K, reserved 1048576K
}
Event: 5165.717 GC heap after
{Heap after GC invocations=130 (full 12):
 garbage-first heap   total 92160K, used 26829K [0x00000000b1a00000, 0x0000000100000000)
  region size 1024K, 0 young (0K), 0 survivors (0K)
 Metaspace       used 73185K, committed 73856K, reserved 1114112K
  class space    used 8882K, committed 9216K, reserved 1048576K
}

