# JRE version: Java(TM) SE Runtime Environment (19.0.1+10) (build 19.0.1+10-21)
# Java VM: Java HotSpot(TM) 64-Bit Server VM (19.0.1+10-21, mixed mode, sharing, tiered, compressed oops, compressed class ptrs, g1 gc, windows-amd64)
GC Precious Log:
 CardTable entry size: 512
 Card Set container configuration: InlinePtr #cards 5 size 8 Array Of Cards #cards 12 size 40 Howl #buckets 4 coarsen threshold 1843 Howl Bitmap #cards 512 size 80 coarsen threshold 460 Card regions per heap region 1 cards per card region 2048
 CPUs: 2 total, 2 available
 Memory: 5008M
 Large Page Support: Disabled
 NUMA Support: Disabled
 Compressed Oops: Enabled (32-bit)
 Heap Region Size: 1M
 Heap Min Capacity: 8M
 Heap Initial Capacity: 80M
 Heap Max Capacity: 1254M
 Pre-touch: Disabled
 Parallel Workers: 2
 Concurrent Workers: 1
 Concurrent Refinement Workers: 2
 Periodic GC: Disabled
Heap:
 garbage-first heap   total 86016K, used 46522K [0x00000000b1a00000, 0x0000000100000000)
  region size 1024K, 22 young (22528K), 4 survivors (4096K)
 Metaspace       used 69820K, committed 70336K, reserved 1114112K
  class space    used 8574K, committed 8832K, reserved 1048576K
GC Heap History (20 events):
Event: 2474.493 GC heap before
{Heap before GC invocations=41 (full 4):
 garbage-first heap   total 86016K, used 42616K [0x00000000b1a00000, 0x0000000100000000)
  region size 1024K, 16 young (16384K), 3 survivors (3072K)
 Metaspace       used 67387K, committed 67904K, reserved 1114112K
  class space    used 8435K, committed 8704K, reserved 1048576K
}
Event: 2474.577 GC heap after
{Heap after GC invocations=42 (full 5):
 garbage-first heap   total 86016K, used 24730K [0x00000000b1a00000, 0x0000000100000000)
  region size 1024K, 0 young (0K), 0 survivors (0K)
 Metaspace       used 67375K, committed 67904K, reserved 1114112K
  class space    used 8433K, committed 8704K, reserved 1048576K
}
Event: 2478.207 GC heap before
{Heap before GC invocations=42 (full 5):
 garbage-first heap   total 86016K, used 67738K [0x00000000b1a00000, 0x0000000100000000)
  region size 1024K, 42 young (43008K), 0 survivors (0K)
 Metaspace       used 67625K, committed 68096K, reserved 1114112K
  class space    used 8452K, committed 8704K, reserved 1048576K
}
Event: 2478.231 GC heap after
{Heap after GC invocations=43 (full 5):
 garbage-first heap   total 86016K, used 28055K [0x00000000b1a00000, 0x0000000100000000)
  region size 1024K, 4 young (4096K), 4 survivors (4096K)
 Metaspace       used 67625K, committed 68096K, reserved 1114112K
  class space    used 8452K, committed 8704K, reserved 1048576K
}
Event: 2479.132 GC heap before
{Heap before GC invocations=43 (full 5):
 garbage-first heap   total 86016K, used 66967K [0x00000000b1a00000, 0x0000000100000000)
  region size 1024K, 42 young (43008K), 4 survivors (4096K)
 Metaspace       used 68018K, committed 68544K, reserved 1114112K
  class space    used 8470K, committed 8704K, reserved 1048576K
}
Event: 2479.145 GC heap after
{Heap after GC invocations=44 (full 5):
 garbage-first heap   total 86016K, used 30375K [0x00000000b1a00000, 0x0000000100000000)
  region size 1024K, 3 young (3072K), 3 survivors (3072K)
 Metaspace       used 68018K, committed 68544K, reserved 1114112K
  class space    used 8470K, committed 8704K, reserved 1048576K
}
Event: 2591.299 GC heap before
{Heap before GC invocations=44 (full 5):
 garbage-first heap   total 86016K, used 47783K [0x00000000b1a00000, 0x0000000100000000)
  region size 1024K, 22 young (22528K), 3 survivors (3072K)
 Metaspace       used 68152K, committed 68608K, reserved 1114112K
  class space    used 8476K, committed 8704K, reserved 1048576K
}
Event: 2591.388 GC heap after
{Heap after GC invocations=45 (full 6):
 garbage-first heap   total 86016K, used 25336K [0x00000000b1a00000, 0x0000000100000000)
  region size 1024K, 0 young (0K), 0 survivors (0K)
 Metaspace       used 68138K, committed 68608K, reserved 1114112K
  class space    used 8474K, committed 8704K, reserved 1048576K
}
Event: 2594.950 GC heap before
{Heap before GC invocations=45 (full 6):
 garbage-first heap   total 86016K, used 66296K [0x00000000b1a00000, 0x0000000100000000)
  region size 1024K, 41 young (41984K), 0 survivors (0K)
 Metaspace       used 68306K, committed 68736K, reserved 1114112K
  class space    used 8490K, committed 8704K, reserved 1048576K
}
Event: 2594.959 GC heap after
{Heap after GC invocations=46 (full 6):
 garbage-first heap   total 86016K, used 28911K [0x00000000b1a00000, 0x0000000100000000)
  region size 1024K, 4 young (4096K), 4 survivors (4096K)
 Metaspace       used 68306K, committed 68736K, reserved 1114112K
  class space    used 8490K, committed 8704K, reserved 1048576K
}
Event: 2595.570 GC heap before
{Heap before GC invocations=46 (full 6):
 garbage-first heap   total 86016K, used 66799K [0x00000000b1a00000, 0x0000000100000000)
  region size 1024K, 41 young (41984K), 4 survivors (4096K)
 Metaspace       used 68712K, committed 69248K, reserved 1114112K
  class space    used 8511K, committed 8768K, reserved 1048576K
}
Event: 2595.584 GC heap after
{Heap after GC invocations=47 (full 6):
 garbage-first heap   total 86016K, used 30973K [0x00000000b1a00000, 0x0000000100000000)
  region size 1024K, 3 young (3072K), 3 survivors (3072K)
 Metaspace       used 68712K, committed 69248K, reserved 1114112K
  class space    used 8511K, committed 8768K, reserved 1048576K
}
Event: 2867.626 GC heap before
{Heap before GC invocations=47 (full 6):
 garbage-first heap   total 86016K, used 57597K [0x00000000b1a00000, 0x0000000100000000)
  region size 1024K, 30 young (30720K), 3 survivors (3072K)
 Metaspace       used 68866K, committed 69376K, reserved 1114112K
  class space    used 8519K, committed 8768K, reserved 1048576K
}
Event: 2867.720 GC heap after
{Heap after GC invocations=48 (full 7):
 garbage-first heap   total 86016K, used 25502K [0x00000000b1a00000, 0x0000000100000000)
  region size 1024K, 0 young (0K), 0 survivors (0K)
 Metaspace       used 68852K, committed 69376K, reserved 1114112K
  class space    used 8517K, committed 8768K, reserved 1048576K
}
Event: 2868.930 GC heap before
{Heap before GC invocations=48 (full 7):
 garbage-first heap   total 86016K, used 66462K [0x00000000b1a00000, 0x0000000100000000)
  region size 1024K, 40 young (40960K), 0 survivors (0K)
 Metaspace       used 69019K, committed 69568K, reserved 1114112K
  class space    used 8530K, committed 8768K, reserved 1048576K
}
Event: 2868.939 GC heap after
{Heap after GC invocations=49 (full 7):
 garbage-first heap   total 86016K, used 28814K [0x00000000b1a00000, 0x0000000100000000)
  region size 1024K, 4 young (4096K), 4 survivors (4096K)
 Metaspace       used 69019K, committed 69568K, reserved 1114112K
  class space    used 8530K, committed 8768K, reserved 1048576K
}
Event: 2870.741 GC heap before
{Heap before GC invocations=49 (full 7):
 garbage-first heap   total 86016K, used 66702K [0x00000000b1a00000, 0x0000000100000000)
  region size 1024K, 41 young (41984K), 4 survivors (4096K)
 Metaspace       used 69429K, committed 70016K, reserved 1114112K
  class space    used 8552K, committed 8832K, reserved 1048576K
}
Event: 2870.773 GC heap after
{Heap after GC invocations=50 (full 7):
 garbage-first heap   total 86016K, used 31112K [0x00000000b1a00000, 0x0000000100000000)
  region size 1024K, 3 young (3072K), 3 survivors (3072K)
 Metaspace       used 69429K, committed 70016K, reserved 1114112K
  class space    used 8552K, committed 8832K, reserved 1048576K
}
Event: 2985.344 GC heap before
{Heap before GC invocations=50 (full 7):
 garbage-first heap   total 86016K, used 49544K [0x00000000b1a00000, 0x0000000100000000)
  region size 1024K, 22 young (22528K), 3 survivors (3072K)
 Metaspace       used 69445K, committed 70016K, reserved 1114112K
  class space    used 8552K, committed 8832K, reserved 1048576K
}
Event: 2985.438 GC heap after
{Heap after GC invocations=51 (full 8):
 garbage-first heap   total 86016K, used 25555K [0x00000000b1a00000, 0x0000000100000000)
  region size 1024K, 0 young (0K), 0 survivors (0K)
 Metaspace       used 69432K, committed 70016K, reserved 1114112K
  class space    used 8550K, committed 8832K, reserved 1048576K
}

